<?xml version="1.0" encoding="UTF-8"?>
<coverage generated="1701063849074" clover="3.2.0">
  <project timestamp="1701063849074" name="All files">
    <metrics statements="18" coveredstatements="16" conditionals="8" coveredconditionals="8" methods="7" coveredmethods="5" elements="33" coveredelements="29" complexity="0" loc="18" ncloc="18" packages="4" files="7" classes="7"/>
    <package name="constants">
      <metrics statements="4" coveredstatements="4" conditionals="0" coveredconditionals="0" methods="0" coveredmethods="0"/>
      <file name="index.ts" path="/Users/aximilli/code/reactNative/ecommerceTestExpo/constants/index.ts">
        <metrics statements="0" coveredstatements="0" conditionals="0" coveredconditionals="0" methods="0" coveredmethods="0"/>
      </file>
      <file name="theme.ts" path="/Users/aximilli/code/reactNative/ecommerceTestExpo/constants/theme.ts">
        <metrics statements="4" coveredstatements="4" conditionals="0" coveredconditionals="0" methods="0" coveredmethods="0"/>
        <line num="3" count="2" type="stmt"/>
        <line num="19" count="2" type="stmt"/>
        <line num="44" count="2" type="stmt"/>
        <line num="71" count="2" type="stmt"/>
      </file>
    </package>
    <package name="navigation">
      <metrics statements="7" coveredstatements="7" conditionals="8" coveredconditionals="8" methods="4" coveredmethods="4"/>
      <file name="BottomTabNavigator.tsx" path="/Users/aximilli/code/reactNative/ecommerceTestExpo/navigation/BottomTabNavigator.tsx">
        <metrics statements="7" coveredstatements="7" conditionals="8" coveredconditionals="8" methods="4" coveredmethods="4"/>
        <line num="12" count="1" type="stmt"/>
        <line num="14" count="1" type="stmt"/>
        <line num="29" count="1" type="stmt"/>
        <line num="30" count="2" type="stmt"/>
        <line num="37" count="2" type="stmt"/>
        <line num="50" count="2" type="stmt"/>
        <line num="64" count="2" type="stmt"/>
      </file>
    </package>
    <package name="screens">
      <metrics statements="4" coveredstatements="2" conditionals="0" coveredconditionals="0" methods="2" coveredmethods="0"/>
      <file name="ProductDetails.tsx" path="/Users/aximilli/code/reactNative/ecommerceTestExpo/screens/ProductDetails.tsx">
        <metrics statements="2" coveredstatements="1" conditionals="0" coveredconditionals="0" methods="1" coveredmethods="0"/>
        <line num="3" count="1" type="stmt"/>
        <line num="4" count="0" type="stmt"/>
      </file>
      <file name="Search.tsx" path="/Users/aximilli/code/reactNative/ecommerceTestExpo/screens/Search.tsx">
        <metrics statements="2" coveredstatements="1" conditionals="0" coveredconditionals="0" methods="1" coveredmethods="0"/>
        <line num="3" count="1" type="stmt"/>
        <line num="4" count="0" type="stmt"/>
      </file>
    </package>
    <package name="screens.Home">
      <metrics statements="3" coveredstatements="3" conditionals="0" coveredconditionals="0" methods="1" coveredmethods="1"/>
      <file name="Home.styles.js" path="/Users/aximilli/code/reactNative/ecommerceTestExpo/screens/Home/Home.styles.js">
        <metrics statements="1" coveredstatements="1" conditionals="0" coveredconditionals="0" methods="0" coveredmethods="0"/>
        <line num="4" count="2" type="stmt"/>
      </file>
      <file name="Home.tsx" path="/Users/aximilli/code/reactNative/ecommerceTestExpo/screens/Home/Home.tsx">
        <metrics statements="2" coveredstatements="2" conditionals="0" coveredconditionals="0" methods="1" coveredmethods="1"/>
        <line num="7" count="2" type="stmt"/>
        <line num="8" count="2" type="stmt"/>
      </file>
    </package>
  </project>
</coverage>
