{"/Users/aximilli/code/reactNative/ecommerceTestExpo/assets/magSearch.png": {"path":"/Users/aximilli/code/reactNative/ecommerceTestExpo/assets/magSearch.png","statementMap":{"0":{"start":{"line":1,"column":0},"end":{"line":1,"column":19}}},"fnMap":{},"branchMap":{},"s":{"0":1},"f":{},"b":{},"_coverageSchema":"1a1c01bbd47fc00a2c39e90264f33305004495a9","hash":"acfcbe0968344fea2b762ae900496942a1aa0488"}
,"/Users/aximilli/code/reactNative/ecommerceTestExpo/components/SearchCard/SearchCard.style.ts": {"path":"/Users/aximilli/code/reactNative/ecommerceTestExpo/components/SearchCard/SearchCard.style.ts","statementMap":{"0":{"start":{"line":4,"column":15},"end":{"line":45,"column":2}}},"fnMap":{},"branchMap":{},"s":{"0":1},"f":{},"b":{},"_coverageSchema":"1a1c01bbd47fc00a2c39e90264f33305004495a9","hash":"ba32e1bfbf4012fb0c86d571f55173f84513a546"}
,"/Users/aximilli/code/reactNative/ecommerceTestExpo/components/SearchCard/SearchCard.tsx": {"path":"/Users/aximilli/code/reactNative/ecommerceTestExpo/components/SearchCard/SearchCard.tsx","statementMap":{"0":{"start":{"line":27,"column":46},"end":{"line":44,"column":1}},"1":{"start":{"line":28,"column":21},"end":{"line":28,"column":63}},"2":{"start":{"line":29,"column":2},"end":{"line":43,"column":4}},"3":{"start":{"line":33,"column":23},"end":{"line":33,"column":70}}},"fnMap":{"0":{"name":"(anonymous_0)","decl":{"start":{"line":27,"column":46},"end":{"line":27,"column":47}},"loc":{"start":{"line":27,"column":60},"end":{"line":44,"column":1}},"line":27},"1":{"name":"(anonymous_1)","decl":{"start":{"line":33,"column":17},"end":{"line":33,"column":18}},"loc":{"start":{"line":33,"column":23},"end":{"line":33,"column":70}},"line":33}},"branchMap":{},"s":{"0":1,"1":1,"2":0,"3":0},"f":{"0":1,"1":0},"b":{},"_coverageSchema":"1a1c01bbd47fc00a2c39e90264f33305004495a9","hash":"71f2e1c564b875f9cad86b8fb876cb2da8451b8e"}
,"/Users/aximilli/code/reactNative/ecommerceTestExpo/constants/app.ts": {"path":"/Users/aximilli/code/reactNative/ecommerceTestExpo/constants/app.ts","statementMap":{"0":{"start":{"line":2,"column":2},"end":{"line":2,"column":68}},"1":{"start":{"line":11,"column":23},"end":{"line":20,"column":1}}},"fnMap":{},"branchMap":{},"s":{"0":1,"1":1},"f":{},"b":{},"_coverageSchema":"1a1c01bbd47fc00a2c39e90264f33305004495a9","hash":"a1d5ef185193c948df16cfd24c5ce02dc04d0d08"}
,"/Users/aximilli/code/reactNative/ecommerceTestExpo/constants/index.ts": {"path":"/Users/aximilli/code/reactNative/ecommerceTestExpo/constants/index.ts","statementMap":{},"fnMap":{},"branchMap":{},"s":{},"f":{},"b":{},"_coverageSchema":"1a1c01bbd47fc00a2c39e90264f33305004495a9","hash":"3daba007cc3801d03e03db4ad7b3b40e4c731a2a"}
,"/Users/aximilli/code/reactNative/ecommerceTestExpo/constants/theme.ts": {"path":"/Users/aximilli/code/reactNative/ecommerceTestExpo/constants/theme.ts","statementMap":{"0":{"start":{"line":3,"column":26},"end":{"line":3,"column":50}},"1":{"start":{"line":19,"column":23},"end":{"line":31,"column":1}},"2":{"start":{"line":44,"column":21},"end":{"line":53,"column":1}},"3":{"start":{"line":71,"column":25},"end":{"line":92,"column":1}}},"fnMap":{},"branchMap":{},"s":{"0":1,"1":1,"2":1,"3":1},"f":{},"b":{},"_coverageSchema":"1a1c01bbd47fc00a2c39e90264f33305004495a9","hash":"3ea961b2d95fbb5bb70dd93419722aeeef4457bd"}
,"/Users/aximilli/code/reactNative/ecommerceTestExpo/screens/Search/Search.styles.ts": {"path":"/Users/aximilli/code/reactNative/ecommerceTestExpo/screens/Search/Search.styles.ts","statementMap":{"0":{"start":{"line":4,"column":15},"end":{"line":46,"column":2}}},"fnMap":{},"branchMap":{},"s":{"0":1},"f":{},"b":{},"_coverageSchema":"1a1c01bbd47fc00a2c39e90264f33305004495a9","hash":"dffb5b3fc0660d68c78805078a4c81de48696995"}
,"/Users/aximilli/code/reactNative/ecommerceTestExpo/screens/Search/Search.tsx": {"path":"/Users/aximilli/code/reactNative/ecommerceTestExpo/screens/Search/Search.tsx","statementMap":{"0":{"start":{"line":25,"column":22},"end":{"line":42,"column":1}},"1":{"start":{"line":33,"column":2},"end":{"line":41,"column":4}},"2":{"start":{"line":44,"column":25},"end":{"line":102,"column":1}},"3":{"start":{"line":45,"column":36},"end":{"line":45,"column":56}},"4":{"start":{"line":46,"column":42},"end":{"line":46,"column":70}},"5":{"start":{"line":48,"column":23},"end":{"line":57,"column":3}},"6":{"start":{"line":49,"column":4},"end":{"line":56,"column":5}},"7":{"start":{"line":50,"column":23},"end":{"line":52,"column":7}},"8":{"start":{"line":53,"column":6},"end":{"line":53,"column":55}},"9":{"start":{"line":55,"column":6},"end":{"line":55,"column":18}},"10":{"start":{"line":59,"column":2},"end":{"line":101,"column":4}},"11":{"start":{"line":62,"column":21},"end":{"line":62,"column":40}},"12":{"start":{"line":77,"column":29},"end":{"line":77,"column":43}},"13":{"start":{"line":94,"column":43},"end":{"line":94,"column":59}},"14":{"start":{"line":95,"column":38},"end":{"line":95,"column":64}}},"fnMap":{"0":{"name":"(anonymous_0)","decl":{"start":{"line":25,"column":22},"end":{"line":25,"column":23}},"loc":{"start":{"line":31,"column":6},"end":{"line":42,"column":1}},"line":31},"1":{"name":"(anonymous_1)","decl":{"start":{"line":44,"column":25},"end":{"line":44,"column":26}},"loc":{"start":{"line":44,"column":31},"end":{"line":102,"column":1}},"line":44},"2":{"name":"(anonymous_2)","decl":{"start":{"line":48,"column":23},"end":{"line":48,"column":24}},"loc":{"start":{"line":48,"column":35},"end":{"line":57,"column":3}},"line":48},"3":{"name":"(anonymous_3)","decl":{"start":{"line":62,"column":15},"end":{"line":62,"column":16}},"loc":{"start":{"line":62,"column":21},"end":{"line":62,"column":40}},"line":62},"4":{"name":"(anonymous_4)","decl":{"start":{"line":77,"column":23},"end":{"line":77,"column":24}},"loc":{"start":{"line":77,"column":29},"end":{"line":77,"column":43}},"line":77},"5":{"name":"(anonymous_5)","decl":{"start":{"line":94,"column":26},"end":{"line":94,"column":27}},"loc":{"start":{"line":94,"column":43},"end":{"line":94,"column":59}},"line":94},"6":{"name":"(anonymous_6)","decl":{"start":{"line":95,"column":24},"end":{"line":95,"column":25}},"loc":{"start":{"line":95,"column":38},"end":{"line":95,"column":64}},"line":95}},"branchMap":{"0":{"loc":{"start":{"line":53,"column":6},"end":{"line":53,"column":54}},"type":"binary-expr","locations":[{"start":{"line":53,"column":6},"end":{"line":53,"column":20}},{"start":{"line":53,"column":24},"end":{"line":53,"column":54}}],"line":53},"1":{"loc":{"start":{"line":83,"column":9},"end":{"line":98,"column":9}},"type":"cond-expr","locations":[{"start":{"line":84,"column":10},"end":{"line":90,"column":17}},{"start":{"line":92,"column":10},"end":{"line":97,"column":12}}],"line":83}},"s":{"0":1,"1":1,"2":1,"3":6,"4":5,"5":5,"6":1,"7":1,"8":1,"9":0,"10":5,"11":0,"12":1,"13":2,"14":1},"f":{"0":1,"1":6,"2":1,"3":0,"4":1,"5":2,"6":1},"b":{"0":[1,1],"1":[4,1]},"_coverageSchema":"1a1c01bbd47fc00a2c39e90264f33305004495a9","hash":"222d14a98479b17365bf21f55c648afa80caee6c"}
}
