{"/Users/aximilli/code/reactNative/ecommerceTestExpo/assets/magSearch.png": {"path":"/Users/aximilli/code/reactNative/ecommerceTestExpo/assets/magSearch.png","statementMap":{"0":{"start":{"line":1,"column":0},"end":{"line":1,"column":19}}},"fnMap":{},"branchMap":{},"s":{"0":1},"f":{},"b":{},"_coverageSchema":"1a1c01bbd47fc00a2c39e90264f33305004495a9","hash":"acfcbe0968344fea2b762ae900496942a1aa0488"}
,"/Users/aximilli/code/reactNative/ecommerceTestExpo/components/Header/Header.styles.ts": {"path":"/Users/aximilli/code/reactNative/ecommerceTestExpo/components/Header/Header.styles.ts","statementMap":{"0":{"start":{"line":4,"column":15},"end":{"line":51,"column":2}}},"fnMap":{},"branchMap":{},"s":{"0":3},"f":{},"b":{},"_coverageSchema":"1a1c01bbd47fc00a2c39e90264f33305004495a9","hash":"63fdbc56ca33784abacff45f59231d357e71287e"}
,"/Users/aximilli/code/reactNative/ecommerceTestExpo/components/Header/Header.tsx": {"path":"/Users/aximilli/code/reactNative/ecommerceTestExpo/components/Header/Header.tsx","statementMap":{"0":{"start":{"line":15,"column":15},"end":{"line":48,"column":1}},"1":{"start":{"line":16,"column":21},"end":{"line":16,"column":58}},"2":{"start":{"line":18,"column":2},"end":{"line":47,"column":4}},"3":{"start":{"line":31,"column":29},"end":{"line":31,"column":58}}},"fnMap":{"0":{"name":"(anonymous_0)","decl":{"start":{"line":15,"column":15},"end":{"line":15,"column":16}},"loc":{"start":{"line":15,"column":21},"end":{"line":48,"column":1}},"line":15},"1":{"name":"(anonymous_1)","decl":{"start":{"line":31,"column":23},"end":{"line":31,"column":24}},"loc":{"start":{"line":31,"column":29},"end":{"line":31,"column":58}},"line":31}},"branchMap":{},"s":{"0":3,"1":4,"2":4,"3":1},"f":{"0":4,"1":1},"b":{},"_coverageSchema":"1a1c01bbd47fc00a2c39e90264f33305004495a9","hash":"cb7fa3388be178e08eee6c32444a9552880d6949"}
,"/Users/aximilli/code/reactNative/ecommerceTestExpo/components/ProductCard/ProductCard.styles.ts": {"path":"/Users/aximilli/code/reactNative/ecommerceTestExpo/components/ProductCard/ProductCard.styles.ts","statementMap":{"0":{"start":{"line":4,"column":15},"end":{"line":37,"column":2}}},"fnMap":{},"branchMap":{},"s":{"0":4},"f":{},"b":{},"_coverageSchema":"1a1c01bbd47fc00a2c39e90264f33305004495a9","hash":"cdf04642566cc6e8eedd2053713e188490c8a6f4"}
,"/Users/aximilli/code/reactNative/ecommerceTestExpo/components/ProductCard/ProductCard.tsx": {"path":"/Users/aximilli/code/reactNative/ecommerceTestExpo/components/ProductCard/ProductCard.tsx","statementMap":{"0":{"start":{"line":25,"column":48},"end":{"line":49,"column":1}},"1":{"start":{"line":26,"column":21},"end":{"line":26,"column":63}},"2":{"start":{"line":28,"column":2},"end":{"line":48,"column":4}},"3":{"start":{"line":30,"column":21},"end":{"line":30,"column":68}}},"fnMap":{"0":{"name":"(anonymous_0)","decl":{"start":{"line":25,"column":48},"end":{"line":25,"column":49}},"loc":{"start":{"line":25,"column":62},"end":{"line":49,"column":1}},"line":25},"1":{"name":"(anonymous_1)","decl":{"start":{"line":30,"column":15},"end":{"line":30,"column":16}},"loc":{"start":{"line":30,"column":21},"end":{"line":30,"column":68}},"line":30}},"branchMap":{},"s":{"0":4,"1":4,"2":4,"3":1},"f":{"0":4,"1":1},"b":{},"_coverageSchema":"1a1c01bbd47fc00a2c39e90264f33305004495a9","hash":"1b0c48cb3d27135c40fac63f4e96a4fc82b80f60"}
,"/Users/aximilli/code/reactNative/ecommerceTestExpo/components/ProductList/ProductList.styles.ts": {"path":"/Users/aximilli/code/reactNative/ecommerceTestExpo/components/ProductList/ProductList.styles.ts","statementMap":{"0":{"start":{"line":4,"column":15},"end":{"line":18,"column":2}}},"fnMap":{},"branchMap":{},"s":{"0":3},"f":{},"b":{},"_coverageSchema":"1a1c01bbd47fc00a2c39e90264f33305004495a9","hash":"eaa9f865d8798f6c24c746483735d4991055bb25"}
,"/Users/aximilli/code/reactNative/ecommerceTestExpo/components/ProductList/ProductList.tsx": {"path":"/Users/aximilli/code/reactNative/ecommerceTestExpo/components/ProductList/ProductList.tsx","statementMap":{"0":{"start":{"line":14,"column":20},"end":{"line":67,"column":1}},"1":{"start":{"line":15,"column":44},"end":{"line":15,"column":54}},"2":{"start":{"line":16,"column":38},"end":{"line":16,"column":53}},"3":{"start":{"line":18,"column":20},"end":{"line":22,"column":3}},"4":{"start":{"line":19,"column":4},"end":{"line":19,"column":24}},"5":{"start":{"line":20,"column":4},"end":{"line":20,"column":14}},"6":{"start":{"line":21,"column":4},"end":{"line":21,"column":25}},"7":{"start":{"line":24,"column":2},"end":{"line":34,"column":3}},"8":{"start":{"line":25,"column":4},"end":{"line":33,"column":6}},"9":{"start":{"line":36,"column":2},"end":{"line":42,"column":3}},"10":{"start":{"line":37,"column":4},"end":{"line":41,"column":6}},"11":{"start":{"line":44,"column":2},"end":{"line":66,"column":4}},"12":{"start":{"line":49,"column":34},"end":{"line":49,"column":61}},"13":{"start":{"line":63,"column":10},"end":{"line":63,"column":43}}},"fnMap":{"0":{"name":"(anonymous_0)","decl":{"start":{"line":14,"column":20},"end":{"line":14,"column":21}},"loc":{"start":{"line":14,"column":26},"end":{"line":67,"column":1}},"line":14},"1":{"name":"(anonymous_1)","decl":{"start":{"line":18,"column":20},"end":{"line":18,"column":21}},"loc":{"start":{"line":18,"column":32},"end":{"line":22,"column":3}},"line":18},"2":{"name":"(anonymous_2)","decl":{"start":{"line":49,"column":20},"end":{"line":49,"column":21}},"loc":{"start":{"line":49,"column":34},"end":{"line":49,"column":61}},"line":49},"3":{"name":"(anonymous_3)","decl":{"start":{"line":62,"column":32},"end":{"line":62,"column":33}},"loc":{"start":{"line":63,"column":10},"end":{"line":63,"column":43}},"line":63}},"branchMap":{"0":{"loc":{"start":{"line":24,"column":2},"end":{"line":34,"column":3}},"type":"if","locations":[{"start":{"line":24,"column":2},"end":{"line":34,"column":3}},{"start":{},"end":{}}],"line":24},"1":{"loc":{"start":{"line":36,"column":2},"end":{"line":42,"column":3}},"type":"if","locations":[{"start":{"line":36,"column":2},"end":{"line":42,"column":3}},{"start":{},"end":{}}],"line":36}},"s":{"0":3,"1":5,"2":5,"3":5,"4":0,"5":0,"6":0,"7":5,"8":3,"9":2,"10":1,"11":1,"12":2,"13":0},"f":{"0":5,"1":0,"2":2,"3":0},"b":{"0":[3,2],"1":[1,1]},"_coverageSchema":"1a1c01bbd47fc00a2c39e90264f33305004495a9","hash":"8574d7cf829930e37238f38df407154679d3aad0"}
,"/Users/aximilli/code/reactNative/ecommerceTestExpo/components/SearchCard/SearchCard.style.ts": {"path":"/Users/aximilli/code/reactNative/ecommerceTestExpo/components/SearchCard/SearchCard.style.ts","statementMap":{"0":{"start":{"line":4,"column":15},"end":{"line":45,"column":2}}},"fnMap":{},"branchMap":{},"s":{"0":3},"f":{},"b":{},"_coverageSchema":"1a1c01bbd47fc00a2c39e90264f33305004495a9","hash":"ba32e1bfbf4012fb0c86d571f55173f84513a546"}
,"/Users/aximilli/code/reactNative/ecommerceTestExpo/components/SearchCard/SearchCard.tsx": {"path":"/Users/aximilli/code/reactNative/ecommerceTestExpo/components/SearchCard/SearchCard.tsx","statementMap":{"0":{"start":{"line":27,"column":46},"end":{"line":44,"column":1}},"1":{"start":{"line":28,"column":21},"end":{"line":28,"column":63}},"2":{"start":{"line":29,"column":2},"end":{"line":43,"column":4}},"3":{"start":{"line":33,"column":23},"end":{"line":33,"column":70}}},"fnMap":{"0":{"name":"(anonymous_0)","decl":{"start":{"line":27,"column":46},"end":{"line":27,"column":47}},"loc":{"start":{"line":27,"column":60},"end":{"line":44,"column":1}},"line":27},"1":{"name":"(anonymous_1)","decl":{"start":{"line":33,"column":17},"end":{"line":33,"column":18}},"loc":{"start":{"line":33,"column":23},"end":{"line":33,"column":70}},"line":33}},"branchMap":{},"s":{"0":3,"1":4,"2":4,"3":1},"f":{"0":4,"1":1},"b":{},"_coverageSchema":"1a1c01bbd47fc00a2c39e90264f33305004495a9","hash":"71f2e1c564b875f9cad86b8fb876cb2da8451b8e"}
,"/Users/aximilli/code/reactNative/ecommerceTestExpo/constants/app.ts": {"path":"/Users/aximilli/code/reactNative/ecommerceTestExpo/constants/app.ts","statementMap":{"0":{"start":{"line":2,"column":2},"end":{"line":2,"column":68}},"1":{"start":{"line":11,"column":23},"end":{"line":20,"column":1}}},"fnMap":{},"branchMap":{},"s":{"0":9,"1":9},"f":{},"b":{},"_coverageSchema":"1a1c01bbd47fc00a2c39e90264f33305004495a9","hash":"a1d5ef185193c948df16cfd24c5ce02dc04d0d08"}
,"/Users/aximilli/code/reactNative/ecommerceTestExpo/constants/index.ts": {"path":"/Users/aximilli/code/reactNative/ecommerceTestExpo/constants/index.ts","statementMap":{},"fnMap":{},"branchMap":{},"s":{},"f":{},"b":{},"_coverageSchema":"1a1c01bbd47fc00a2c39e90264f33305004495a9","hash":"3daba007cc3801d03e03db4ad7b3b40e4c731a2a"}
,"/Users/aximilli/code/reactNative/ecommerceTestExpo/constants/theme.ts": {"path":"/Users/aximilli/code/reactNative/ecommerceTestExpo/constants/theme.ts","statementMap":{"0":{"start":{"line":3,"column":26},"end":{"line":3,"column":50}},"1":{"start":{"line":19,"column":23},"end":{"line":31,"column":1}},"2":{"start":{"line":44,"column":21},"end":{"line":53,"column":1}},"3":{"start":{"line":71,"column":25},"end":{"line":92,"column":1}}},"fnMap":{},"branchMap":{},"s":{"0":9,"1":9,"2":9,"3":9},"f":{},"b":{},"_coverageSchema":"1a1c01bbd47fc00a2c39e90264f33305004495a9","hash":"3ea961b2d95fbb5bb70dd93419722aeeef4457bd"}
,"/Users/aximilli/code/reactNative/ecommerceTestExpo/hooks/useFetch.ts": {"path":"/Users/aximilli/code/reactNative/ecommerceTestExpo/hooks/useFetch.ts","statementMap":{"0":{"start":{"line":14,"column":17},"end":{"line":48,"column":1}},"1":{"start":{"line":20,"column":26},"end":{"line":20,"column":49}},"2":{"start":{"line":21,"column":32},"end":{"line":21,"column":46}},"3":{"start":{"line":22,"column":28},"end":{"line":22,"column":47}},"4":{"start":{"line":24,"column":24},"end":{"line":36,"column":3}},"5":{"start":{"line":25,"column":4},"end":{"line":25,"column":21}},"6":{"start":{"line":26,"column":4},"end":{"line":35,"column":5}},"7":{"start":{"line":27,"column":23},"end":{"line":27,"column":58}},"8":{"start":{"line":28,"column":6},"end":{"line":28,"column":29}},"9":{"start":{"line":29,"column":6},"end":{"line":29,"column":24}},"10":{"start":{"line":31,"column":6},"end":{"line":31,"column":25}},"11":{"start":{"line":32,"column":6},"end":{"line":32,"column":22}},"12":{"start":{"line":34,"column":6},"end":{"line":34,"column":24}},"13":{"start":{"line":38,"column":2},"end":{"line":40,"column":9}},"14":{"start":{"line":39,"column":4},"end":{"line":39,"column":20}},"15":{"start":{"line":42,"column":18},"end":{"line":45,"column":3}},"16":{"start":{"line":43,"column":4},"end":{"line":43,"column":21}},"17":{"start":{"line":44,"column":4},"end":{"line":44,"column":20}},"18":{"start":{"line":47,"column":2},"end":{"line":47,"column":43}}},"fnMap":{"0":{"name":"(anonymous_0)","decl":{"start":{"line":14,"column":17},"end":{"line":14,"column":18}},"loc":{"start":{"line":19,"column":5},"end":{"line":48,"column":1}},"line":19},"1":{"name":"(anonymous_1)","decl":{"start":{"line":24,"column":24},"end":{"line":24,"column":25}},"loc":{"start":{"line":24,"column":36},"end":{"line":36,"column":3}},"line":24},"2":{"name":"(anonymous_2)","decl":{"start":{"line":38,"column":12},"end":{"line":38,"column":13}},"loc":{"start":{"line":38,"column":18},"end":{"line":40,"column":3}},"line":38},"3":{"name":"(anonymous_3)","decl":{"start":{"line":42,"column":18},"end":{"line":42,"column":19}},"loc":{"start":{"line":42,"column":24},"end":{"line":45,"column":3}},"line":42}},"branchMap":{},"s":{"0":3,"1":2,"2":2,"3":2,"4":2,"5":2,"6":2,"7":2,"8":0,"9":0,"10":0,"11":0,"12":0,"13":2,"14":2,"15":2,"16":0,"17":0,"18":2},"f":{"0":2,"1":2,"2":2,"3":0},"b":{},"_coverageSchema":"1a1c01bbd47fc00a2c39e90264f33305004495a9","hash":"fc08eb5af01b3ea661935200b0f3b40580682c8a"}
,"/Users/aximilli/code/reactNative/ecommerceTestExpo/navigation/BottomTabNavigator.tsx": {"path":"/Users/aximilli/code/reactNative/ecommerceTestExpo/navigation/BottomTabNavigator.tsx","statementMap":{"0":{"start":{"line":12,"column":12},"end":{"line":12,"column":38}},"1":{"start":{"line":14,"column":50},"end":{"line":27,"column":1}},"2":{"start":{"line":29,"column":37},"end":{"line":74,"column":1}},"3":{"start":{"line":30,"column":2},"end":{"line":73,"column":4}},"4":{"start":{"line":37,"column":12},"end":{"line":41,"column":14}},"5":{"start":{"line":50,"column":12},"end":{"line":55,"column":14}},"6":{"start":{"line":64,"column":12},"end":{"line":68,"column":14}}},"fnMap":{"0":{"name":"(anonymous_0)","decl":{"start":{"line":29,"column":37},"end":{"line":29,"column":38}},"loc":{"start":{"line":29,"column":43},"end":{"line":74,"column":1}},"line":29},"1":{"name":"(anonymous_1)","decl":{"start":{"line":36,"column":22},"end":{"line":36,"column":23}},"loc":{"start":{"line":37,"column":12},"end":{"line":41,"column":14}},"line":37},"2":{"name":"(anonymous_2)","decl":{"start":{"line":49,"column":22},"end":{"line":49,"column":23}},"loc":{"start":{"line":50,"column":12},"end":{"line":55,"column":14}},"line":50},"3":{"name":"(anonymous_3)","decl":{"start":{"line":63,"column":22},"end":{"line":63,"column":23}},"loc":{"start":{"line":64,"column":12},"end":{"line":68,"column":14}},"line":64}},"branchMap":{"0":{"loc":{"start":{"line":38,"column":20},"end":{"line":38,"column":53}},"type":"cond-expr","locations":[{"start":{"line":38,"column":30},"end":{"line":38,"column":36}},{"start":{"line":38,"column":39},"end":{"line":38,"column":53}}],"line":38},"1":{"loc":{"start":{"line":40,"column":21},"end":{"line":40,"column":60}},"type":"cond-expr","locations":[{"start":{"line":40,"column":31},"end":{"line":40,"column":45}},{"start":{"line":40,"column":48},"end":{"line":40,"column":60}}],"line":40},"2":{"loc":{"start":{"line":54,"column":21},"end":{"line":54,"column":60}},"type":"cond-expr","locations":[{"start":{"line":54,"column":31},"end":{"line":54,"column":45}},{"start":{"line":54,"column":48},"end":{"line":54,"column":60}}],"line":54},"3":{"loc":{"start":{"line":67,"column":21},"end":{"line":67,"column":60}},"type":"cond-expr","locations":[{"start":{"line":67,"column":31},"end":{"line":67,"column":45}},{"start":{"line":67,"column":48},"end":{"line":67,"column":60}}],"line":67}},"s":{"0":1,"1":1,"2":1,"3":1,"4":2,"5":2,"6":2},"f":{"0":1,"1":2,"2":2,"3":2},"b":{"0":[1,1],"1":[1,1],"2":[1,1],"3":[1,1]},"_coverageSchema":"1a1c01bbd47fc00a2c39e90264f33305004495a9","hash":"71a0ef0fe65f25b912563200edf480ae82b10fdf"}
,"/Users/aximilli/code/reactNative/ecommerceTestExpo/screens/Home/Home.styles.js": {"path":"/Users/aximilli/code/reactNative/ecommerceTestExpo/screens/Home/Home.styles.js","statementMap":{"0":{"start":{"line":4,"column":15},"end":{"line":23,"column":2}}},"fnMap":{},"branchMap":{},"s":{"0":2},"f":{},"b":{},"_coverageSchema":"1a1c01bbd47fc00a2c39e90264f33305004495a9","hash":"30651d344cdee743e44743247eb28f138f6b2133"}
,"/Users/aximilli/code/reactNative/ecommerceTestExpo/screens/Home/Home.tsx": {"path":"/Users/aximilli/code/reactNative/ecommerceTestExpo/screens/Home/Home.tsx","statementMap":{"0":{"start":{"line":9,"column":19},"end":{"line":21,"column":1}},"1":{"start":{"line":10,"column":2},"end":{"line":20,"column":4}}},"fnMap":{"0":{"name":"(anonymous_0)","decl":{"start":{"line":9,"column":19},"end":{"line":9,"column":20}},"loc":{"start":{"line":9,"column":25},"end":{"line":21,"column":1}},"line":9}},"branchMap":{},"s":{"0":2,"1":2},"f":{"0":2},"b":{},"_coverageSchema":"1a1c01bbd47fc00a2c39e90264f33305004495a9","hash":"e91eb5a431af09e16e3841a11aa709ae90f126c0"}
,"/Users/aximilli/code/reactNative/ecommerceTestExpo/screens/ProductDetails/ProductDetails.styles.ts": {"path":"/Users/aximilli/code/reactNative/ecommerceTestExpo/screens/ProductDetails/ProductDetails.styles.ts","statementMap":{"0":{"start":{"line":4,"column":15},"end":{"line":96,"column":2}}},"fnMap":{},"branchMap":{},"s":{"0":2},"f":{},"b":{},"_coverageSchema":"1a1c01bbd47fc00a2c39e90264f33305004495a9","hash":"20abfe7f2f8842dd80ffce7e00bda365cc201d3d"}
,"/Users/aximilli/code/reactNative/ecommerceTestExpo/screens/ProductDetails/ProductDetails.tsx": {"path":"/Users/aximilli/code/reactNative/ecommerceTestExpo/screens/ProductDetails/ProductDetails.tsx","statementMap":{"0":{"start":{"line":22,"column":23},"end":{"line":68,"column":1}},"1":{"start":{"line":23,"column":16},"end":{"line":23,"column":51}},"2":{"start":{"line":24,"column":19},"end":{"line":24,"column":42}},"3":{"start":{"line":25,"column":21},"end":{"line":25,"column":36}},"4":{"start":{"line":27,"column":2},"end":{"line":67,"column":4}},"5":{"start":{"line":32,"column":25},"end":{"line":32,"column":44}}},"fnMap":{"0":{"name":"(anonymous_0)","decl":{"start":{"line":22,"column":23},"end":{"line":22,"column":24}},"loc":{"start":{"line":22,"column":29},"end":{"line":68,"column":1}},"line":22},"1":{"name":"(anonymous_1)","decl":{"start":{"line":32,"column":19},"end":{"line":32,"column":20}},"loc":{"start":{"line":32,"column":25},"end":{"line":32,"column":44}},"line":32},"2":{"name":"(anonymous_2)","decl":{"start":{"line":58,"column":35},"end":{"line":58,"column":36}},"loc":{"start":{"line":58,"column":41},"end":{"line":58,"column":43}},"line":58},"3":{"name":"(anonymous_3)","decl":{"start":{"line":62,"column":35},"end":{"line":62,"column":36}},"loc":{"start":{"line":62,"column":41},"end":{"line":62,"column":43}},"line":62}},"branchMap":{"0":{"loc":{"start":{"line":24,"column":19},"end":{"line":24,"column":42}},"type":"binary-expr","locations":[{"start":{"line":24,"column":19},"end":{"line":24,"column":31}},{"start":{"line":24,"column":35},"end":{"line":24,"column":42}}],"line":24}},"s":{"0":2,"1":2,"2":2,"3":2,"4":2,"5":1},"f":{"0":2,"1":1,"2":0,"3":0},"b":{"0":[2,0]},"_coverageSchema":"1a1c01bbd47fc00a2c39e90264f33305004495a9","hash":"73f91195ee2651885f3c4364b02fc0838a833c82"}
,"/Users/aximilli/code/reactNative/ecommerceTestExpo/screens/Search/Search.styles.ts": {"path":"/Users/aximilli/code/reactNative/ecommerceTestExpo/screens/Search/Search.styles.ts","statementMap":{"0":{"start":{"line":4,"column":15},"end":{"line":46,"column":2}}},"fnMap":{},"branchMap":{},"s":{"0":2},"f":{},"b":{},"_coverageSchema":"1a1c01bbd47fc00a2c39e90264f33305004495a9","hash":"dffb5b3fc0660d68c78805078a4c81de48696995"}
,"/Users/aximilli/code/reactNative/ecommerceTestExpo/screens/Search/Search.tsx": {"path":"/Users/aximilli/code/reactNative/ecommerceTestExpo/screens/Search/Search.tsx","statementMap":{"0":{"start":{"line":25,"column":22},"end":{"line":41,"column":1}},"1":{"start":{"line":32,"column":2},"end":{"line":40,"column":4}},"2":{"start":{"line":43,"column":25},"end":{"line":101,"column":1}},"3":{"start":{"line":44,"column":36},"end":{"line":44,"column":56}},"4":{"start":{"line":45,"column":42},"end":{"line":45,"column":70}},"5":{"start":{"line":47,"column":23},"end":{"line":56,"column":3}},"6":{"start":{"line":48,"column":4},"end":{"line":55,"column":5}},"7":{"start":{"line":49,"column":23},"end":{"line":51,"column":7}},"8":{"start":{"line":52,"column":6},"end":{"line":52,"column":55}},"9":{"start":{"line":54,"column":6},"end":{"line":54,"column":18}},"10":{"start":{"line":58,"column":2},"end":{"line":100,"column":4}},"11":{"start":{"line":61,"column":21},"end":{"line":61,"column":40}},"12":{"start":{"line":76,"column":29},"end":{"line":76,"column":43}},"13":{"start":{"line":93,"column":43},"end":{"line":93,"column":59}},"14":{"start":{"line":94,"column":38},"end":{"line":94,"column":64}}},"fnMap":{"0":{"name":"(anonymous_0)","decl":{"start":{"line":25,"column":22},"end":{"line":25,"column":23}},"loc":{"start":{"line":31,"column":6},"end":{"line":41,"column":1}},"line":31},"1":{"name":"(anonymous_1)","decl":{"start":{"line":43,"column":25},"end":{"line":43,"column":26}},"loc":{"start":{"line":43,"column":31},"end":{"line":101,"column":1}},"line":43},"2":{"name":"(anonymous_2)","decl":{"start":{"line":47,"column":23},"end":{"line":47,"column":24}},"loc":{"start":{"line":47,"column":35},"end":{"line":56,"column":3}},"line":47},"3":{"name":"(anonymous_3)","decl":{"start":{"line":61,"column":15},"end":{"line":61,"column":16}},"loc":{"start":{"line":61,"column":21},"end":{"line":61,"column":40}},"line":61},"4":{"name":"(anonymous_4)","decl":{"start":{"line":76,"column":23},"end":{"line":76,"column":24}},"loc":{"start":{"line":76,"column":29},"end":{"line":76,"column":43}},"line":76},"5":{"name":"(anonymous_5)","decl":{"start":{"line":93,"column":26},"end":{"line":93,"column":27}},"loc":{"start":{"line":93,"column":43},"end":{"line":93,"column":59}},"line":93},"6":{"name":"(anonymous_6)","decl":{"start":{"line":94,"column":24},"end":{"line":94,"column":25}},"loc":{"start":{"line":94,"column":38},"end":{"line":94,"column":64}},"line":94}},"branchMap":{"0":{"loc":{"start":{"line":52,"column":6},"end":{"line":52,"column":54}},"type":"binary-expr","locations":[{"start":{"line":52,"column":6},"end":{"line":52,"column":20}},{"start":{"line":52,"column":24},"end":{"line":52,"column":54}}],"line":52},"1":{"loc":{"start":{"line":82,"column":9},"end":{"line":97,"column":9}},"type":"cond-expr","locations":[{"start":{"line":83,"column":10},"end":{"line":89,"column":17}},{"start":{"line":91,"column":10},"end":{"line":96,"column":12}}],"line":82}},"s":{"0":2,"1":0,"2":2,"3":5,"4":5,"5":5,"6":1,"7":1,"8":1,"9":0,"10":5,"11":0,"12":1,"13":3,"14":2},"f":{"0":0,"1":5,"2":1,"3":0,"4":1,"5":3,"6":2},"b":{"0":[1,1],"1":[4,1]},"_coverageSchema":"1a1c01bbd47fc00a2c39e90264f33305004495a9","hash":"b91b9d53b4ff8ac44af48eabd35342a94bb92358"}
}
