TN:
SF:assets/magSearch.png
FNF:0
FNH:0
DA:1,1
LF:1
LH:1
BRF:0
BRH:0
end_of_record
TN:
SF:components/SearchCard/SearchCard.style.ts
FNF:0
FNH:0
DA:4,1
LF:1
LH:1
BRF:0
BRH:0
end_of_record
TN:
SF:components/SearchCard/SearchCard.tsx
FN:27,(anonymous_0)
FN:33,(anonymous_1)
FNF:2
FNH:1
FNDA:1,(anonymous_0)
FNDA:0,(anonymous_1)
DA:27,1
DA:28,1
DA:29,0
DA:33,0
LF:4
LH:2
BRF:0
BRH:0
end_of_record
TN:
SF:constants/app.ts
FNF:0
FNH:0
DA:2,1
DA:11,1
LF:2
LH:2
BRF:0
BRH:0
end_of_record
TN:
SF:constants/index.ts
FNF:0
FNH:0
LF:0
LH:0
BRF:0
BRH:0
end_of_record
TN:
SF:constants/theme.ts
FNF:0
FNH:0
DA:3,1
DA:19,1
DA:44,1
DA:71,1
LF:4
LH:4
BRF:0
BRH:0
end_of_record
TN:
SF:screens/Search/Search.styles.ts
FNF:0
FNH:0
DA:4,1
LF:1
LH:1
BRF:0
BRH:0
end_of_record
TN:
SF:screens/Search/Search.tsx
FN:25,(anonymous_0)
FN:44,(anonymous_1)
FN:48,(anonymous_2)
FN:62,(anonymous_3)
FN:77,(anonymous_4)
FN:94,(anonymous_5)
FN:95,(anonymous_6)
FNF:7
FNH:6
FNDA:1,(anonymous_0)
FNDA:6,(anonymous_1)
FNDA:1,(anonymous_2)
FNDA:0,(anonymous_3)
FNDA:1,(anonymous_4)
FNDA:2,(anonymous_5)
FNDA:1,(anonymous_6)
DA:25,1
DA:33,1
DA:44,1
DA:45,6
DA:46,5
DA:48,5
DA:49,1
DA:50,1
DA:53,1
DA:55,0
DA:59,5
DA:62,0
DA:77,1
DA:94,2
DA:95,1
LF:15
LH:13
BRDA:53,0,0,1
BRDA:53,0,1,1
BRDA:83,1,0,4
BRDA:83,1,1,1
BRF:4
BRH:4
end_of_record
