TN:
SF:components/ProductCard/ProductCard.styles.ts
FNF:0
FNH:0
DA:4,2
LF:1
LH:1
BRF:0
BRH:0
end_of_record
TN:
SF:components/ProductCard/ProductCard.tsx
FN:7,(anonymous_0)
FN:12,(anonymous_1)
FNF:2
FNH:1
FNDA:8,(anonymous_0)
FNDA:0,(anonymous_1)
DA:7,2
DA:8,8
DA:10,4
DA:12,0
LF:4
LH:3
BRF:0
BRH:0
end_of_record
TN:
SF:components/ProductList/ProductList.styles.ts
FNF:0
FNH:0
DA:4,2
LF:1
LH:1
BRF:0
BRH:0
end_of_record
TN:
SF:components/ProductList/ProductList.tsx
FN:5,(anonymous_0)
FN:42,(anonymous_1)
FN:44,(anonymous_2)
FNF:3
FNH:3
FNDA:4,(anonymous_0)
FNDA:8,(anonymous_1)
FNDA:2,(anonymous_2)
DA:5,2
DA:6,4
DA:37,4
DA:42,8
DA:45,2
LF:5
LH:5
BRF:0
BRH:0
end_of_record
TN:
SF:constants/index.ts
FNF:0
FNH:0
LF:0
LH:0
BRF:0
BRH:0
end_of_record
TN:
SF:constants/theme.ts
FNF:0
FNH:0
DA:3,2
DA:19,2
DA:44,2
DA:71,2
LF:4
LH:4
BRF:0
BRH:0
end_of_record
TN:
SF:navigation/BottomTabNavigator.tsx
FN:29,(anonymous_0)
FN:36,(anonymous_1)
FN:49,(anonymous_2)
FN:63,(anonymous_3)
FNF:4
FNH:4
FNDA:2,(anonymous_0)
FNDA:2,(anonymous_1)
FNDA:2,(anonymous_2)
FNDA:2,(anonymous_3)
DA:12,1
DA:14,1
DA:29,1
DA:30,2
DA:37,2
DA:50,2
DA:64,2
LF:7
LH:7
BRDA:38,0,0,1
BRDA:38,0,1,1
BRDA:40,1,0,1
BRDA:40,1,1,1
BRDA:54,2,0,1
BRDA:54,2,1,1
BRDA:67,3,0,1
BRDA:67,3,1,1
BRF:8
BRH:8
end_of_record
TN:
SF:screens/Search.tsx
FN:3,(anonymous_0)
FNF:1
FNH:0
FNDA:0,(anonymous_0)
DA:3,1
DA:4,0
LF:2
LH:1
BRF:0
BRH:0
end_of_record
TN:
SF:screens/Home/Home.styles.js
FNF:0
FNH:0
DA:4,2
LF:1
LH:1
BRF:0
BRH:0
end_of_record
TN:
SF:screens/Home/Home.tsx
FN:8,(anonymous_0)
FNF:1
FNH:1
FNDA:4,(anonymous_0)
DA:8,2
DA:9,4
LF:2
LH:2
BRF:0
BRH:0
end_of_record
TN:
SF:screens/ProductDetails/ProductDetails.styles.ts
FNF:0
FNH:0
DA:4,1
LF:1
LH:1
BRF:0
BRH:0
end_of_record
TN:
SF:screens/ProductDetails/ProductDetails.tsx
FN:21,(anonymous_0)
FN:29,(anonymous_1)
FN:55,(anonymous_2)
FN:59,(anonymous_3)
FNF:4
FNH:0
FNDA:0,(anonymous_0)
FNDA:0,(anonymous_1)
FNDA:0,(anonymous_2)
FNDA:0,(anonymous_3)
DA:21,1
DA:22,0
DA:23,0
DA:24,0
DA:26,0
DA:29,0
LF:6
LH:1
BRF:0
BRH:0
end_of_record
